Mono path[0] = '/Users/victorbarbosa/git/CognitionLearn/Env Trainner/Walker.app/Contents/Resources/Data/Managed'
Mono config path = '/Users/victorbarbosa/git/CognitionLearn/Env Trainner/Walker.app/Contents/MonoBleedingEdge/etc'
Input System module state changed to: Initialized.
[Physics::Module] Initialized fallback backend.
[Physics::Module] Id: 0xdecafbad
Initialize engine version: 6000.0.40f1 (157d81624ddf)
[Subsystems] Discovering subsystems at path /Users/victorbarbosa/git/CognitionLearn/Env Trainner/Walker.app/Contents/Resources/Data/UnitySubsystems
GfxDevice: creating device client; kGfxThreadingModeThreaded
 preferred device: Apple M2 Max (high power)
Metal devices available: 1
0: Apple M2 Max (high power)
Using device Apple M2 Max (high power)
Initializing Metal device caps: Apple M2 Max
Begin MonoManager ReloadAssembly
- Loaded All Assemblies, in  0.105 seconds
- Finished resetting the current domain, in  0.001 seconds
[Physics::Module] Selected backend.
[Physics::Module] Name: PhysX
[Physics::Module] Id: 0xf2b8ea05
[Physics::Module] SDK Version: 4.1.2
[Physics::Module] Integration Version: 1.0.0
[Physics::Module] Threading Mode: Multi-Threaded
<b>[App UI]</b> Unable to find an AppUISettings instance, creating a default one...
The referenced script on this Behaviour (Game Object 'GameObject') is missing!
The referenced script on this Behaviour (Game Object 'GameObject (1)') is missing!
The referenced script on this Behaviour (Game Object 'GameObject') is missing!
The referenced script on this Behaviour (Game Object 'WalkerRagdoll') is missing!
The referenced script on this Behaviour (Game Object 'WalkerRagdoll') is missing!
The referenced script on this Behaviour (Game Object 'GameObject') is missing!
The referenced script on this Behaviour (Game Object 'GameObject (1)') is missing!
The referenced script on this Behaviour (Game Object 'GameObject (1)') is missing!
The referenced script on this Behaviour (Game Object 'GameObject (1)') is missing!
The referenced script on this Behaviour (Game Object 'GameObject (1)') is missing!
The referenced script on this Behaviour (Game Object 'GameObject') is missing!
The referenced script on this Behaviour (Game Object 'GameObject (1)') is missing!
The referenced script on this Behaviour (Game Object 'GameObject') is missing!
The referenced script on this Behaviour (Game Object 'GameObject') is missing!
The referenced script on this Behaviour (Game Object 'GameObject (1)') is missing!
The referenced script on this Behaviour (Game Object 'GameObject (1)') is missing!
The referenced script on this Behaviour (Game Object 'WalkerRagdoll') is missing!
The referenced script on this Behaviour (Game Object 'WalkerRagdoll') is missing!
The referenced script on this Behaviour (Game Object 'GameObject') is missing!
The referenced script on this Behaviour (Game Object 'GameObject') is missing!
The referenced script on this Behaviour (Game Object 'GameObject') is missing!
The referenced script on this Behaviour (Game Object 'WalkerRagdoll') is missing!
The referenced script on this Behaviour (Game Object 'WalkerRagdoll') is missing!
The referenced script on this Behaviour (Game Object 'GameObject (1)') is missing!
The referenced script on this Behaviour (Game Object 'WalkerRagdoll') is missing!
The referenced script on this Behaviour (Game Object 'WalkerRagdoll') is missing!
The referenced script on this Behaviour (Game Object 'GameObject (1)') is missing!
The referenced script on this Behaviour (Game Object 'GameObject (1)') is missing!
The referenced script on this Behaviour (Game Object 'GameObject') is missing!
The referenced script on this Behaviour (Game Object 'WalkerRagdoll') is missing!
The referenced script on this Behaviour (Game Object 'WalkerRagdoll') is missing!
The referenced script on this Behaviour (Game Object 'GameObject') is missing!
The referenced script on this Behaviour (Game Object 'GameObject (1)') is missing!
The referenced script on this Behaviour (Game Object 'GameObject') is missing!
The referenced script on this Behaviour (Game Object 'WalkerRagdoll') is missing!
The referenced script on this Behaviour (Game Object 'WalkerRagdoll') is missing!
The referenced script on this Behaviour (Game Object 'GameObject') is missing!
The referenced script on this Behaviour (Game Object 'WalkerRagdoll') is missing!
The referenced script on this Behaviour (Game Object 'WalkerRagdoll') is missing!
The referenced script on this Behaviour (Game Object 'GameObject') is missing!
The referenced script on this Behaviour (Game Object 'GameObject') is missing!
The referenced script on this Behaviour (Game Object 'GameObject') is missing!
The referenced script on this Behaviour (Game Object 'GameObject (1)') is missing!
The referenced script on this Behaviour (Game Object 'WalkerRagdoll') is missing!
The referenced script on this Behaviour (Game Object 'WalkerRagdoll') is missing!
The referenced script on this Behaviour (Game Object 'GameObject (1)') is missing!
The referenced script on this Behaviour (Game Object 'WalkerRagdoll') is missing!
The referenced script on this Behaviour (Game Object 'WalkerRagdoll') is missing!
The referenced script on this Behaviour (Game Object 'GameObject') is missing!
The referenced script on this Behaviour (Game Object 'GameObject (1)') is missing!
The referenced script on this Behaviour (Game Object 'GameObject') is missing!
The referenced script on this Behaviour (Game Object 'GameObject (1)') is missing!
The referenced script on this Behaviour (Game Object 'GameObject (1)') is missing!
The referenced script on this Behaviour (Game Object 'GameObject (1)') is missing!
The referenced script on this Behaviour (Game Object 'GameObject') is missing!
The referenced script on this Behaviour (Game Object 'GameObject (1)') is missing!
The referenced script on this Behaviour (Game Object 'GameObject') is missing!
The referenced script on this Behaviour (Game Object 'GameObject (1)') is missing!
The referenced script on this Behaviour (Game Object 'WalkerRagdoll') is missing!
UnloadTime: 0.389000 ms
[SPEED] TimeScale=1, FixedDeltaTime=0.01999999
Registered SharedMemoryCommunicator in Agent.
*********** ICommunicator Create() called - SharedMemoryCommunicator ***********
SharedMemoryCommunicator.Initialize called (Async Mode). Returning default parameters immediately.
[SharedMemoryCommunicator] Initializing with Port: 5009
[SharedMemoryCommunicator] Opening Channels (Background)... Handshake: 5009_handshake, Main: 5009
[SharedMemoryCommunicator] Channels Opened. Starting Handshake...
[SharedMemoryCommunicator] Handshake took 3 ms
[SharedMemoryCommunicator] Handshake Complete. Seed: 12345
[SharedMemoryCommunicator] Async Connection Established! Ready to train.
