Mono path[0] = '/Users/victorbarbosa/git/CognitionLearn/Env Trainner/Walker.app/Contents/Resources/Data/Managed'
Mono config path = '/Users/victorbarbosa/git/CognitionLearn/Env Trainner/Walker.app/Contents/MonoBleedingEdge/etc'
Input System module state changed to: Initialized.
[Physics::Module] Initialized fallback backend.
[Physics::Module] Id: 0xdecafbad
Initialize engine version: 6000.0.40f1 (157d81624ddf)
[Subsystems] Discovering subsystems at path /Users/victorbarbosa/git/CognitionLearn/Env Trainner/Walker.app/Contents/Resources/Data/UnitySubsystems
Forcing GfxDevice: Null
GfxDevice: creating device client; kGfxThreadingModeThreaded
NullGfxDevice:
    Version:  NULL 1.0 [1.0]
    Renderer: Null Device
    Vendor:   Unity Technologies
Begin MonoManager ReloadAssembly
- Loaded All Assemblies, in  0.107 seconds
- Finished resetting the current domain, in  0.001 seconds
[Physics::Module] Selected backend.
[Physics::Module] Name: PhysX
[Physics::Module] Id: 0xf2b8ea05
[Physics::Module] SDK Version: 4.1.2
[Physics::Module] Integration Version: 1.0.0
[Physics::Module] Threading Mode: Multi-Threaded
ERROR: Shader Hidden/App UI/LinearProgress shader is not supported on this GPU (none of subshaders/fallbacks are suitable)
ERROR: Shader Hidden/App UI/Mask shader is not supported on this GPU (none of subshaders/fallbacks are suitable)
ERROR: Shader Hidden/App UI/CircularProgress shader is not supported on this GPU (none of subshaders/fallbacks are suitable)
ERROR: Shader Hidden/App UI/CanvasBackground shader is not supported on this GPU (none of subshaders/fallbacks are suitable)
ERROR: Shader Hidden/App UI/Box shader is not supported on this GPU (none of subshaders/fallbacks are suitable)
ERROR: Shader Hidden/App UI/SVSquare shader is not supported on this GPU (none of subshaders/fallbacks are suitable)
ERROR: Shader Hidden/App UI/ColorSwatch shader is not supported on this GPU (none of subshaders/fallbacks are suitable)
ERROR: Shader Hidden/App UI/ColorWheel shader is not supported on this GPU (none of subshaders/fallbacks are suitable)
ERROR: Shader Sprites/Default shader is not supported on this GPU (none of subshaders/fallbacks are suitable)
<b>[App UI]</b> Unable to find an AppUISettings instance, creating a default one...
ERROR: Shader Sprites/Mask shader is not supported on this GPU (none of subshaders/fallbacks are suitable)
The referenced script on this Behaviour (Game Object 'GameObject') is missing!
The referenced script on this Behaviour (Game Object 'GameObject (1)') is missing!
The referenced script on this Behaviour (Game Object 'GameObject') is missing!
The referenced script on this Behaviour (Game Object 'WalkerRagdoll') is missing!
The referenced script on this Behaviour (Game Object 'WalkerRagdoll') is missing!
The referenced script on this Behaviour (Game Object 'GameObject') is missing!
The referenced script on this Behaviour (Game Object 'GameObject (1)') is missing!
The referenced script on this Behaviour (Game Object 'GameObject (1)') is missing!
The referenced script on this Behaviour (Game Object 'GameObject (1)') is missing!
The referenced script on this Behaviour (Game Object 'GameObject (1)') is missing!
The referenced script on this Behaviour (Game Object 'GameObject') is missing!
The referenced script on this Behaviour (Game Object 'GameObject (1)') is missing!
The referenced script on this Behaviour (Game Object 'GameObject') is missing!
The referenced script on this Behaviour (Game Object 'GameObject') is missing!
The referenced script on this Behaviour (Game Object 'GameObject (1)') is missing!
The referenced script on this Behaviour (Game Object 'GameObject (1)') is missing!
The referenced script on this Behaviour (Game Object 'WalkerRagdoll') is missing!
The referenced script on this Behaviour (Game Object 'WalkerRagdoll') is missing!
The referenced script on this Behaviour (Game Object 'GameObject') is missing!
The referenced script on this Behaviour (Game Object 'GameObject') is missing!
The referenced script on this Behaviour (Game Object 'GameObject') is missing!
The referenced script on this Behaviour (Game Object 'WalkerRagdoll') is missing!
The referenced script on this Behaviour (Game Object 'WalkerRagdoll') is missing!
The referenced script on this Behaviour (Game Object 'GameObject (1)') is missing!
The referenced script on this Behaviour (Game Object 'WalkerRagdoll') is missing!
The referenced script on this Behaviour (Game Object 'WalkerRagdoll') is missing!
The referenced script on this Behaviour (Game Object 'GameObject (1)') is missing!
The referenced script on this Behaviour (Game Object 'GameObject (1)') is missing!
The referenced script on this Behaviour (Game Object 'GameObject') is missing!
The referenced script on this Behaviour (Game Object 'WalkerRagdoll') is missing!
The referenced script on this Behaviour (Game Object 'WalkerRagdoll') is missing!
The referenced script on this Behaviour (Game Object 'GameObject') is missing!
The referenced script on this Behaviour (Game Object 'GameObject (1)') is missing!
The referenced script on this Behaviour (Game Object 'GameObject') is missing!
The referenced script on this Behaviour (Game Object 'WalkerRagdoll') is missing!
The referenced script on this Behaviour (Game Object 'WalkerRagdoll') is missing!
The referenced script on this Behaviour (Game Object 'GameObject') is missing!
The referenced script on this Behaviour (Game Object 'WalkerRagdoll') is missing!
The referenced script on this Behaviour (Game Object 'WalkerRagdoll') is missing!
The referenced script on this Behaviour (Game Object 'GameObject') is missing!
The referenced script on this Behaviour (Game Object 'GameObject') is missing!
The referenced script on this Behaviour (Game Object 'GameObject') is missing!
The referenced script on this Behaviour (Game Object 'GameObject (1)') is missing!
The referenced script on this Behaviour (Game Object 'WalkerRagdoll') is missing!
The referenced script on this Behaviour (Game Object 'WalkerRagdoll') is missing!
The referenced script on this Behaviour (Game Object 'GameObject (1)') is missing!
The referenced script on this Behaviour (Game Object 'WalkerRagdoll') is missing!
The referenced script on this Behaviour (Game Object 'WalkerRagdoll') is missing!
The referenced script on this Behaviour (Game Object 'GameObject') is missing!
The referenced script on this Behaviour (Game Object 'GameObject (1)') is missing!
The referenced script on this Behaviour (Game Object 'GameObject') is missing!
The referenced script on this Behaviour (Game Object 'GameObject (1)') is missing!
The referenced script on this Behaviour (Game Object 'GameObject (1)') is missing!
The referenced script on this Behaviour (Game Object 'GameObject (1)') is missing!
The referenced script on this Behaviour (Game Object 'GameObject') is missing!
The referenced script on this Behaviour (Game Object 'GameObject (1)') is missing!
The referenced script on this Behaviour (Game Object 'GameObject') is missing!
The referenced script on this Behaviour (Game Object 'GameObject (1)') is missing!
The referenced script on this Behaviour (Game Object 'WalkerRagdoll') is missing!
ERROR: Shader Legacy Shaders/VertexLit shader is not supported on this GPU (none of subshaders/fallbacks are suitable)
WARNING: Shader Unsupported: 'Standard' - All subshaders removed
WARNING: Shader Did you use #pragma only_renderers and omit this platform?
WARNING: Shader If subshaders removal was intentional, you may have forgotten turning Fallback off?
ERROR: Shader Standard shader is not supported on this GPU (none of subshaders/fallbacks are suitable)
WARNING: Shader Unsupported: 'Standard' - All subshaders removed
WARNING: Shader Did you use #pragma only_renderers and omit this platform?
WARNING: Shader If subshaders removal was intentional, you may have forgotten turning Fallback off?
WARNING: Shader Unsupported: 'Autodesk Interactive' - All subshaders removed
WARNING: Shader Did you use #pragma only_renderers and omit this platform?
WARNING: Shader If subshaders removal was intentional, you may have forgotten turning Fallback off?
ERROR: Shader Autodesk Interactive shader is not supported on this GPU (none of subshaders/fallbacks are suitable)
WARNING: Shader Unsupported: 'Autodesk Interactive' - All subshaders removed
WARNING: Shader Did you use #pragma only_renderers and omit this platform?
WARNING: Shader If subshaders removal was intentional, you may have forgotten turning Fallback off?
WARNING: Shader Unsupported: 'Legacy Shaders/Diffuse' - All subshaders removed
WARNING: Shader Did you use #pragma only_renderers and omit this platform?
WARNING: Shader If subshaders removal was intentional, you may have forgotten turning Fallback off?
ERROR: Shader Legacy Shaders/Diffuse shader is not supported on this GPU (none of subshaders/fallbacks are suitable)
WARNING: Shader Unsupported: 'Legacy Shaders/Diffuse' - All subshaders removed
WARNING: Shader Did you use #pragma only_renderers and omit this platform?
WARNING: Shader If subshaders removal was intentional, you may have forgotten turning Fallback off?
WARNING: Shader Unsupported: 'ML-Agents/GridPattern' - All subshaders removed
WARNING: Shader Did you use #pragma only_renderers and omit this platform?
WARNING: Shader If subshaders removal was intentional, you may have forgotten turning Fallback off?
ERROR: Shader ML-Agents/GridPattern shader is not supported on this GPU (none of subshaders/fallbacks are suitable)
WARNING: Shader Unsupported: 'ML-Agents/GridPattern' - All subshaders removed
WARNING: Shader Did you use #pragma only_renderers and omit this platform?
WARNING: Shader If subshaders removal was intentional, you may have forgotten turning Fallback off?
UnloadTime: 0.371000 ms
[SPEED] TimeScale=50, FixedDeltaTime=0.01999999
Registered SharedMemoryCommunicator in Agent.
*********** ICommunicator Create() called - SharedMemoryCommunicator ***********
SharedMemoryCommunicator.Initialize called (Async Mode). Returning default parameters immediately.
[SharedMemoryCommunicator] Initializing with Port: 5007
[SharedMemoryCommunicator] Opening Channels (Background)... Handshake: 5007_handshake, Main: 5007
[SharedMemoryCommunicator] Channels Opened. Starting Handshake...
[SharedMemoryCommunicator] Handshake took 32 ms
[SharedMemoryCommunicator] Handshake Complete. Seed: 12345
[SharedMemoryCommunicator] Async Connection Established! Ready to train.
ERROR: Shader UI/Default shader is not supported on this GPU (none of subshaders/fallbacks are suitable)
